
Showing logs for build [32mcb-kubecd-environment-pr-234-22-swqpc-1[0m stage [32mfrom-build-pack[0m and container [32mstep-credential-initializer-2678r[0m
{"level":"info","ts":1590505678.5143936,"logger":"fallback-logger","caller":"logging/config.go:69","msg":"Fetch GitHub commit ID from kodata failed: open /var/run/ko/refs/heads/0.8.0-ns-support: no such file or directory"}
{"level":"info","ts":1590505678.5150883,"logger":"fallback-logger","caller":"creds-init/main.go:40","msg":"Credentials initialized."}

Showing logs for build [32mcb-kubecd-environment-pr-234-22-swqpc-1[0m stage [32mfrom-build-pack[0m and container [32mstep-working-dir-initializer-56zp6[0m
{"level":"info","ts":1590505679.5082214,"logger":"fallback-logger","caller":"logging/config.go:69","msg":"Fetch GitHub commit ID from kodata failed: open /var/run/ko/HEAD: no such file or directory"}
{"level":"info","ts":1590505679.509517,"logger":"fallback-logger","caller":"bash/main.go:64","msg":"Successfully executed command \"sh -c mkdir -p /workspace/source\"; output "}

Showing logs for build [32mcb-kubecd-environment-pr-234-22-swqpc-1[0m stage [32mfrom-build-pack[0m and container [32mstep-place-tools[0m

Showing logs for build [32mcb-kubecd-environment-pr-234-22-swqpc-1[0m stage [32mfrom-build-pack[0m and container [32mstep-git-source-cb-kubecd-environment-pr-234-22-swqpc-4tpxj[0m
{"level":"info","ts":1590505682.5982301,"logger":"fallback-logger","caller":"logging/config.go:69","msg":"Fetch GitHub commit ID from kodata failed: open /var/run/ko/refs/heads/0.8.0-ns-support: no such file or directory"}
{"level":"info","ts":1590505683.644791,"logger":"fallback-logger","caller":"git/git.go:103","msg":"Successfully cloned https://github.com/cb-kubecd/environment-pr-234-22-boot-vault-gke-staging.git @ master in path /workspace/source"}

Showing logs for build [32mcb-kubecd-environment-pr-234-22-swqpc-1[0m stage [32mfrom-build-pack[0m and container [32mstep-git-merge[0m
Using SHAs from PULL_REFS=master:2a22e4651c712f665a9848171baa18c9c7423ede,2:38f522c1bcedc7d4e6ac6fba2ef463a644592c01
DEBUG: LC_ALL=C JX_LOG_LEVEL=error git fetch origin --unshallow 38f522c1bcedc7d4e6ac6fba2ef463a644592c01: 2a22e4651c712f665a9848171baa18c9c7423ede:
DEBUG: ran git fetch --unshallow origin 38f522c1bcedc7d4e6ac6fba2ef463a644592c01: 2a22e4651c712f665a9848171baa18c9c7423ede: in 
DEBUG: LC_ALL=C JX_LOG_LEVEL=error git branch
DEBUG: LC_ALL=C JX_LOG_LEVEL=error git checkout master
DEBUG: ran git checkout master in 
DEBUG: JX_LOG_LEVEL=error LC_ALL=C git reset --hard 2a22e4651c712f665a9848171baa18c9c7423ede
DEBUG: ran git reset --hard 2a22e4651c712f665a9848171baa18c9c7423ede in 
DEBUG: LC_ALL=C JX_LOG_LEVEL=error git clean -fd .
DEBUG: ran clean --force -d . in 
DEBUG: LC_ALL=C JX_LOG_LEVEL=error git merge 38f522c1bcedc7d4e6ac6fba2ef463a644592c01
DEBUG: ran git merge 38f522c1bcedc7d4e6ac6fba2ef463a644592c01 in 
DEBUG: LC_ALL=C JX_LOG_LEVEL=error git log --format=%H%x1f%an%x1f%ae%x1f%cn%x1f%ce%x1f%s%n%b%x1e 2a22e4651c712f665a9848171baa18c9c7423ede..HEAD
Merged SHA 38f522c1bcedc7d4e6ac6fba2ef463a644592c01 with commit message 'chore: Promote bdd-sbhg-1590505248 to version 0.0.1' into base branch master

Showing logs for build [32mcb-kubecd-environment-pr-234-22-swqpc-1[0m stage [32mfrom-build-pack[0m and container [32mstep-build-helm-build[0m
WARNING: No $CHART_REPOSITORY defined so using the default value of: http://jenkins-x-chartmuseum:8080
Adding missing Helm repo: storage.googleapis.com https://storage.googleapis.com/chartmuseum.jenkins-x.io
WARNING: No secrets found on "helm/repos" due: reading the secret "helm/repos" from vault: no secret "helm/repos" not found in vault
Read credentials for https://storage.googleapis.com/chartmuseum.jenkins-x.io from vault helm/repos
Successfully added Helm repository storage.googleapis.com.
Adding missing Helm repo: jenkins-x-chartmuseum http://jenkins-x-chartmuseum:8080
WARNING: No secrets found on "helm/repos" due: reading the secret "helm/repos" from vault: no secret "helm/repos" not found in vault
Read credentials for http://jenkins-x-chartmuseum:8080 from vault helm/repos
Successfully added Helm repository jenkins-x-chartmuseum.
WARNING: No $CHART_REPOSITORY defined so using the default value of: http://jenkins-x-chartmuseum:8080
Adding missing Helm repo: chartmuseum.jenkins-x.io http://chartmuseum.jenkins-x.io
WARNING: No secrets found on "helm/repos" due: reading the secret "helm/repos" from vault: no secret "helm/repos" not found in vault
Read credentials for http://chartmuseum.jenkins-x.io from vault helm/repos
Successfully added Helm repository chartmuseum.jenkins-x.io.
