
Showing logs for build [32mcb-kubecd-environment-pr-234-22-crptk-1[0m stage [32mfrom-build-pack[0m and container [32mstep-credential-initializer-vpcn2[0m
{"level":"info","ts":1590508139.228322,"logger":"fallback-logger","caller":"logging/config.go:69","msg":"Fetch GitHub commit ID from kodata failed: open /var/run/ko/refs/heads/0.8.0-ns-support: no such file or directory"}
{"level":"info","ts":1590508139.2290661,"logger":"fallback-logger","caller":"creds-init/main.go:40","msg":"Credentials initialized."}

Showing logs for build [32mcb-kubecd-environment-pr-234-22-crptk-1[0m stage [32mfrom-build-pack[0m and container [32mstep-working-dir-initializer-92gkj[0m
{"level":"info","ts":1590508140.5862134,"logger":"fallback-logger","caller":"logging/config.go:69","msg":"Fetch GitHub commit ID from kodata failed: open /var/run/ko/HEAD: no such file or directory"}
{"level":"info","ts":1590508140.587664,"logger":"fallback-logger","caller":"bash/main.go:64","msg":"Successfully executed command \"sh -c mkdir -p /workspace/source\"; output "}

Showing logs for build [32mcb-kubecd-environment-pr-234-22-crptk-1[0m stage [32mfrom-build-pack[0m and container [32mstep-place-tools[0m

Showing logs for build [32mcb-kubecd-environment-pr-234-22-crptk-1[0m stage [32mfrom-build-pack[0m and container [32mstep-git-source-cb-kubecd-environment-pr-234-22-crptk-flcpx[0m
{"level":"info","ts":1590508145.749437,"logger":"fallback-logger","caller":"logging/config.go:69","msg":"Fetch GitHub commit ID from kodata failed: open /var/run/ko/refs/heads/0.8.0-ns-support: no such file or directory"}
{"level":"info","ts":1590508146.8324127,"logger":"fallback-logger","caller":"git/git.go:103","msg":"Successfully cloned https://github.com/cb-kubecd/environment-pr-234-22-boot-vault-gke-staging.git @ master in path /workspace/source"}

Showing logs for build [32mcb-kubecd-environment-pr-234-22-crptk-1[0m stage [32mfrom-build-pack[0m and container [32mstep-git-merge[0m
Using SHAs from PULL_REFS=master:fb206376b0d4640774fe12b1e442ed5005984431,4:7af3298f354db3473a58cb36c08ec1934a95c759
DEBUG: JX_LOG_LEVEL=error LC_ALL=C git fetch origin --unshallow 7af3298f354db3473a58cb36c08ec1934a95c759: fb206376b0d4640774fe12b1e442ed5005984431:
DEBUG: ran git fetch --unshallow origin 7af3298f354db3473a58cb36c08ec1934a95c759: fb206376b0d4640774fe12b1e442ed5005984431: in 
DEBUG: LC_ALL=C JX_LOG_LEVEL=error git branch
DEBUG: LC_ALL=C JX_LOG_LEVEL=error git checkout master
DEBUG: ran git checkout master in 
DEBUG: JX_LOG_LEVEL=error LC_ALL=C git reset --hard fb206376b0d4640774fe12b1e442ed5005984431
DEBUG: ran git reset --hard fb206376b0d4640774fe12b1e442ed5005984431 in 
DEBUG: LC_ALL=C JX_LOG_LEVEL=error git clean -fd .
DEBUG: ran clean --force -d . in 
DEBUG: LC_ALL=C JX_LOG_LEVEL=error git merge 7af3298f354db3473a58cb36c08ec1934a95c759
DEBUG: ran git merge 7af3298f354db3473a58cb36c08ec1934a95c759 in 
DEBUG: LC_ALL=C JX_LOG_LEVEL=error git log --format=%H%x1f%an%x1f%ae%x1f%cn%x1f%ce%x1f%s%n%b%x1e fb206376b0d4640774fe12b1e442ed5005984431..HEAD
Merged SHA 7af3298f354db3473a58cb36c08ec1934a95c759 with commit message 'chore: Promote bdd-nh-1590505248 to version 0.0.1' into base branch master

Showing logs for build [32mcb-kubecd-environment-pr-234-22-crptk-1[0m stage [32mfrom-build-pack[0m and container [32mstep-build-helm-build[0m
WARNING: No $CHART_REPOSITORY defined so using the default value of: http://jenkins-x-chartmuseum:8080
Adding missing Helm repo: storage.googleapis.com https://storage.googleapis.com/chartmuseum.jenkins-x.io
WARNING: No secrets found on "helm/repos" due: reading the secret "helm/repos" from vault: no secret "helm/repos" not found in vault
Read credentials for https://storage.googleapis.com/chartmuseum.jenkins-x.io from vault helm/repos
Successfully added Helm repository storage.googleapis.com.
Adding missing Helm repo: jenkins-x-chartmuseum http://jenkins-x-chartmuseum:8080
WARNING: No secrets found on "helm/repos" due: reading the secret "helm/repos" from vault: no secret "helm/repos" not found in vault
Read credentials for http://jenkins-x-chartmuseum:8080 from vault helm/repos
Successfully added Helm repository jenkins-x-chartmuseum.
WARNING: No $CHART_REPOSITORY defined so using the default value of: http://jenkins-x-chartmuseum:8080
Adding missing Helm repo: chartmuseum.jenkins-x.io http://chartmuseum.jenkins-x.io
WARNING: No secrets found on "helm/repos" due: reading the secret "helm/repos" from vault: no secret "helm/repos" not found in vault
Read credentials for http://chartmuseum.jenkins-x.io from vault helm/repos
Successfully added Helm repository chartmuseum.jenkins-x.io.
